<?xml version="1.0" encoding="UTF-8"?>
<testsuite xmlns:xsi="http://www.w3.org/2001/XMLSchema-instance" xsi:noNamespaceSchemaLocation="https://maven.apache.org/surefire/maven-surefire-plugin/xsd/surefire-test-report-3.0.xsd" version="3.0" name="SortieTest" time="0.106" tests="3" errors="0" skipped="0" failures="0">
  <properties>
[...]
</properties>
  <testcase name="TestfichierVide" classname="SortieTest" time="0.067"/>
  <testcase name="TesterTri" classname="SortieTest" time="0.004"/>
  <testcase name="TesterLaSauvegarde" classname="SortieTest" time="0.013"/>
</testsuite>